<?xml version="1.0" encoding="UTF-8"?>
<!-- Generated by org.testng.reporters.JUnitReportReporter -->
<testsuite hostname="DESKTOP-M29K9HS" failures="0" tests="1" name="com.hyr.Tests.FirstTest" time="18.147" errors="0" timestamp="2022-11-10T00:55:25 NZDT" skipped="0">
  <testcase classname="com.hyr.Tests.FirstTest" name="NumberofCarsinMakeDropDown" time="18.147"/>
  <system-out/>
</testsuite> <!-- com.hyr.Tests.FirstTest -->
