<?xml version="1.0" encoding="UTF-8"?>
<!-- Generated by org.testng.reporters.JUnitReportReporter -->
<testsuite hostname="DESKTOP-M29K9HS" failures="0" tests="5" name="Runner.Runner" time="66.852" errors="0" timestamp="2022-11-10T12:58:32 NZDT" skipped="0">
  <testcase classname="Runner.Runner" name="runScenario" time="11.912"/>
  <system-out/>
  <testcase classname="Runner.Runner" name="runScenario" time="12.237"/>
  <system-out/>
  <testcase classname="Runner.Runner" name="runScenario" time="14.831"/>
  <system-out/>
  <testcase classname="Runner.Runner" name="runScenario" time="13.539"/>
  <system-out/>
  <testcase classname="Runner.Runner" name="runScenario" time="14.333"/>
  <system-out/>
</testsuite> <!-- Runner.Runner -->
