<?xml version="1.0" encoding="UTF-8"?>
<!-- Generated by org.testng.reporters.JUnitReportReporter -->
<testsuite hostname="DESKTOP-M29K9HS" failures="0" tests="5" name="com.hyr.Tests.FirstTest" time="89.102" errors="0" timestamp="2022-11-10T13:13:32 NZDT" skipped="0">
  <testcase classname="com.hyr.Tests.FirstTest" name="NumberofCarswithMazdaBrandName" time="17.300"/>
  <system-out/>
  <testcase classname="com.hyr.Tests.FirstTest" name="NumberofCarswithHondaBrandName" time="17.964"/>
  <system-out/>
  <testcase classname="com.hyr.Tests.FirstTest" name="NumberofCarswithFerrariBrandName" time="19.653"/>
  <system-out/>
  <testcase classname="com.hyr.Tests.FirstTest" name="NumberofCarsinMakeDropDown" time="18.178"/>
  <system-out/>
  <testcase classname="com.hyr.Tests.FirstTest" name="NumberofCarswithBMWBrandName" time="16.007"/>
  <system-out/>
</testsuite> <!-- com.hyr.Tests.FirstTest -->
